<?xml version="1.0" encoding="UTF-8"?>
<!-- Generated by org.testng.reporters.JUnitReportReporter -->
<testsuite hostname="DESKTOP-RAPIJ62" failures="0" tests="8" name="tests.Runner1" time="62.363" errors="0" timestamp="2025-05-24T09:06:56 IST" skipped="0">
  <testcase classname="tests.Runner1" name="runScenario" time="8.647"/>
  <system-out>
    <![CDATA[Test case passed]]>
  </system-out>
  <testcase classname="tests.Runner1" name="runScenario" time="7.217"/>
  <system-out/>
  <testcase classname="tests.Runner1" name="runScenario" time="9.293"/>
  <system-out/>
  <testcase classname="tests.Runner1" name="runScenario" time="7.529"/>
  <system-out/>
  <testcase classname="tests.Runner1" name="runScenario" time="6.678"/>
  <system-out/>
  <testcase classname="tests.Runner1" name="runScenario" time="7.392"/>
  <system-out/>
  <testcase classname="tests.Runner1" name="runScenario" time="6.776"/>
  <system-out/>
  <testcase classname="tests.Runner1" name="runScenario" time="8.831"/>
  <system-out/>
</testsuite> <!-- tests.Runner1 -->
