<?xml version="1.0" encoding="UTF-8"?>
<!-- Generated by org.testng.reporters.JUnitReportReporter -->
<testsuite hostname="DESKTOP-RAPIJ62" failures="0" tests="6" name="tests.Runner6ForFeature2" time="47.167" errors="0" timestamp="2025-05-31T09:51:00 IST" skipped="0">
  <testcase classname="tests.Runner6ForFeature2" name="runScenario" time="9.249"/>
  <testcase classname="tests.Runner6ForFeature2" name="runScenario" time="7.551"/>
  <testcase classname="tests.Runner6ForFeature2" name="runScenario" time="7.851"/>
  <testcase classname="tests.Runner6ForFeature2" name="runScenario" time="10.453"/>
  <testcase classname="tests.Runner6ForFeature2" name="runScenario" time="5.927"/>
  <testcase classname="tests.Runner6ForFeature2" name="runScenario" time="6.136"/>
  <system-out>
    <![CDATA[Test case failed
Please see attached screenshot:
<a href="E:\batch269API\org.magnitia9.BDD5-cricbuzUIandAPIE2ETestNG-DI\target\31-May-2025-09-50-20-582.png"><img src="E:\batch269API\org.magnitia9.BDD5-cricbuzUIandAPIE2ETestNG-DI\target\31-May-2025-09-50-20-582.png" height="100" width="100"/></a>]]>
  </system-out>
</testsuite> <!-- tests.Runner6ForFeature2 -->
