<?xml version="1.0" encoding="UTF-8"?>
<!-- Generated by org.testng.reporters.JUnitReportReporter -->
<testsuite hostname="DESKTOP-RAPIJ62" failures="0" tests="4" name="tests.Runner6ForFeature3" time="49.281" errors="2" timestamp="2025-05-31T09:51:00 IST" skipped="0">
  <testcase classname="tests.Runner6ForFeature3" name="runScenario" time="9.140"/>
  <testcase classname="tests.Runner6ForFeature3" name="runScenario" time="22.897">
    <error message="Invalid innings number" type="java.lang.RuntimeException">
      <![CDATA[java.lang.RuntimeException: Invalid innings number
at gluecode.StepDef3.i_launch_cricbuz_site_and_connect_to_corresponding_api2(StepDef3.java:209)
at ✽.I launch cricbuz site and connect to corresponding API to check equality of total runs(file:///E:/batch269API/org.magnitia9.BDD5-cricbuzUIandAPIE2ETestNG-DI/src/test/resources/features/feature3.feature:18)
]]>
    </error>
  </testcase> <!-- runScenario -->
  <testcase classname="tests.Runner6ForFeature3" name="runScenario" time="14.101"/>
  <testcase classname="tests.Runner6ForFeature3" name="runScenario" time="3.143">
    <error message="Could not start a new session. Response code 500. Message: session not created: Microsoft Edge failed to start: crashed.
  (session not created: DevToolsActivePort file doesn&#039;t exist)
  (The process started from msedge location C:\Program Files (x86)\Microsoft\Edge\Application\msedge.exe is no longer running, so msedgedriver is assuming that msedge has crashed.) 
Host info: host: &#039;DESKTOP-RAPIJ62&#039;, ip: &#039;192.168.29.73&#039;
Build info: version: &#039;4.14.0&#039;, revision: &#039;e5a96349ce&#039;
System info: os.name: &#039;Windows 10&#039;, os.arch: &#039;amd64&#039;, os.version: &#039;10.0&#039;, java.version: &#039;11.0.19&#039;
Driver info: org.openqa.selenium.edge.EdgeDriver
Command: [null, newSession {capabilities=[Capabilities {browserName: MicrosoftEdge, ms:edgeOptions: {args: [], binary: C:\Program Files (x86)\Micr..., extensions: []}}]}]" type="org.openqa.selenium.SessionNotCreatedException">
      <![CDATA[org.openqa.selenium.SessionNotCreatedException: Could not start a new session. Response code 500. Message: session not created: Microsoft Edge failed to start: crashed.
  (session not created: DevToolsActivePort file doesn't exist)
  (The process started from msedge location C:\Program Files (x86)\Microsoft\Edge\Application\msedge.exe is no longer running, so msedgedriver is assuming that msedge has crashed.) 
Host info: host: 'DESKTOP-RAPIJ62', ip: '192.168.29.73'
Build info: version: '4.14.0', revision: 'e5a96349ce'
System info: os.name: 'Windows 10', os.arch: 'amd64', os.version: '10.0', java.version: '11.0.19'
Driver info: org.openqa.selenium.edge.EdgeDriver
Command: [null, newSession {capabilities=[Capabilities {browserName: MicrosoftEdge, ms:edgeOptions: {args: [], binary: C:\Program Files (x86)\Micr..., extensions: []}}]}]
at org.openqa.selenium.remote.ProtocolHandshake.createSession(ProtocolHandshake.java:140)
at org.openqa.selenium.remote.ProtocolHandshake.createSession(ProtocolHandshake.java:96)
at org.openqa.selenium.remote.ProtocolHandshake.createSession(ProtocolHandshake.java:68)
at org.openqa.selenium.remote.HttpCommandExecutor.execute(HttpCommandExecutor.java:163)
at org.openqa.selenium.remote.service.DriverCommandExecutor.invokeExecute(DriverCommandExecutor.java:196)
at org.openqa.selenium.remote.service.DriverCommandExecutor.execute(DriverCommandExecutor.java:171)
at org.openqa.selenium.remote.RemoteWebDriver.execute(RemoteWebDriver.java:602)
at org.openqa.selenium.remote.RemoteWebDriver.startSession(RemoteWebDriver.java:236)
at org.openqa.selenium.remote.RemoteWebDriver.<init>(RemoteWebDriver.java:163)
at org.openqa.selenium.chromium.ChromiumDriver.<init>(ChromiumDriver.java:108)
at org.openqa.selenium.edge.EdgeDriver.<init>(EdgeDriver.java:60)
at org.openqa.selenium.edge.EdgeDriver.<init>(EdgeDriver.java:56)
at org.openqa.selenium.edge.EdgeDriver.<init>(EdgeDriver.java:48)
at org.openqa.selenium.edge.EdgeDriver.<init>(EdgeDriver.java:44)
at utilities.WebSiteUtility.openBrowser(WebSiteUtility.java:46)
at gluecode.StepDef4.i_open_browser(StepDef4.java:36)
at ✽.I open "edge" browser(file:///E:/batch269API/org.magnitia9.BDD5-cricbuzUIandAPIE2ETestNG-DI/src/test/resources/features/feature3.feature:16)
]]>
    </error>
  </testcase> <!-- runScenario -->
  <system-out>
    <![CDATA[Test case failed
Please see attached screenshot:
<a href="E:\batch269API\org.magnitia9.BDD5-cricbuzUIandAPIE2ETestNG-DI\target\31-May-2025-09-50-20-582.png"><img src="E:\batch269API\org.magnitia9.BDD5-cricbuzUIandAPIE2ETestNG-DI\target\31-May-2025-09-50-20-582.png" height="100" width="100"/></a>]]>
  </system-out>
</testsuite> <!-- tests.Runner6ForFeature3 -->
